<?xml version="1.0" encoding="UTF-8"?>
<testsuite name="edu.wpi.teame.DefaultTest" tests="1" skipped="0" failures="0" errors="0" timestamp="2022-02-23T04:29:36" hostname="LAPTOP-H1S4FP45" time="0.035">
  <properties/>
  <testcase name="test()" classname="edu.wpi.teame.DefaultTest" time="0.035"/>
  <system-out><![CDATA[]]></system-out>
  <system-err><![CDATA[]]></system-err>
</testsuite>
